<?xml version="1.0" encoding="UTF-8"?>
<!-- Generated by org.testng.reporters.JUnitReportReporter -->
<testsuite hostname="DESKTOP-E04GLGP" failures="0" tests="1" name="versin.HomeTestCase1" time="0.904" errors="0" timestamp="2022-12-27T21:18:49 IST" skipped="0">
  <testcase classname="versin.HomeTestCase1" name="loginTest" time="0.904"/>
  <system-out/>
</testsuite> <!-- versin.HomeTestCase1 -->
